<?xml version="1.0" encoding="UTF-8"?>
<!-- Generated by org.testng.reporters.JUnitReportReporter -->
<testsuite skipped="0" hostname="Kumar-PC" name="abc.Abc" tests="1" failures="0" timestamp="28 Oct 2017 08:12:15 GMT" time="0.093" errors="0">
  <testcase name="r" time="0.093" classname="abc.Abc"/>
</testsuite> <!-- abc.Abc -->
